0 info it worked if it ends with ok
1 verbose cli [ '/home/osboxes/.linuxbrew/Cellar/node/5.9.0/bin/node',
1 verbose cli   '/home/osboxes/.linuxbrew/bin/npm',
1 verbose cli   'start' ]
2 info using npm@3.7.3
3 info using node@v5.9.0
4 verbose stack Error: Invalid name: "The Big Screen"
4 verbose stack     at ensureValidName (/home/osboxes/.linuxbrew/lib/node_modules/npm/node_modules/normalize-package-data/lib/fixer.js:336:15)
4 verbose stack     at Object.module.exports.fixNameField (/home/osboxes/.linuxbrew/lib/node_modules/npm/node_modules/normalize-package-data/lib/fixer.js:215:5)
4 verbose stack     at /home/osboxes/.linuxbrew/lib/node_modules/npm/node_modules/normalize-package-data/lib/normalize.js:32:38
4 verbose stack     at Array.forEach (native)
4 verbose stack     at normalize (/home/osboxes/.linuxbrew/lib/node_modules/npm/node_modules/normalize-package-data/lib/normalize.js:31:15)
4 verbose stack     at final (/home/osboxes/.linuxbrew/lib/node_modules/npm/node_modules/read-package-json/read-json.js:338:5)
4 verbose stack     at then (/home/osboxes/.linuxbrew/lib/node_modules/npm/node_modules/read-package-json/read-json.js:113:5)
4 verbose stack     at /home/osboxes/.linuxbrew/lib/node_modules/npm/node_modules/read-package-json/read-json.js:300:12
4 verbose stack     at /home/osboxes/.linuxbrew/lib/node_modules/npm/node_modules/graceful-fs/graceful-fs.js:78:16
4 verbose stack     at tryToString (fs.js:414:3)
5 verbose cwd /home/osboxes/Desktop/thebigscreen
6 error Linux 3.19.0-15-generic
7 error argv "/home/osboxes/.linuxbrew/Cellar/node/5.9.0/bin/node" "/home/osboxes/.linuxbrew/bin/npm" "start"
8 error node v5.9.0
9 error npm  v3.7.3
10 error Invalid name: "The Big Screen"
11 error If you need help, you may report this error at:
11 error     <https://github.com/npm/npm/issues>
12 verbose exit [ 1, true ]
